<?xml version="1.0" encoding="UTF-8"?>
<!-- Generated by org.testng.reporters.JUnitReportReporter -->
<testsuite hostname="DESKTOP-VAQQ53O" failures="0" tests="2" name="Day1.GithubExample" time="8.232" errors="0" timestamp="09 Nov 2021 13:38:20 GMT" skipped="1">
  <testcase classname="Day1.GithubExample" name="addRepository" time="8.232"/>
  <testcase classname="Day1.GithubExample" name="getAllRepo">
    <skipped/>
  </testcase> <!-- getAllRepo -->
</testsuite> <!-- Day1.GithubExample -->
