<?xml version="1.0" encoding="UTF-8"?>
<!-- Generated by org.testng.reporters.JUnitReportReporter -->
<testsuite hostname="DESKTOP-VAQQ53O" failures="0" tests="5" name="Day1.PositiveTest" time="54.392" errors="0" timestamp="09 Nov 2021 16:28:03 GMT" skipped="0">
  <testcase classname="Day1.PositiveTest" name="updateContact" time="0.981"/>
  <testcase classname="Day1.PositiveTest" name="getSpecificContact" time="2.390"/>
  <testcase classname="Day1.PositiveTest" name="addContact" time="11.864"/>
  <testcase classname="Day1.PositiveTest" name="getAllContactList" time="38.291"/>
  <testcase classname="Day1.PositiveTest" name="deleteSpecificContact" time="0.866"/>
</testsuite> <!-- Day1.PositiveTest -->
