<?xml version="1.0" encoding="UTF-8"?>
<!-- Generated by org.testng.reporters.JUnitReportReporter -->
<testsuite hostname="DESKTOP-VAQQ53O" failures="0" tests="3" name="Day1.OpenWeatherInfo" time="11.422" errors="0" timestamp="09 Nov 2021 07:25:25 GMT" skipped="1">
  <testcase classname="Day1.OpenWeatherInfo" name="getWeatherInfo3" time="0.449"/>
  <testcase classname="Day1.OpenWeatherInfo" name="getWeatherInfo" time="10.973"/>
  <testcase classname="Day1.OpenWeatherInfo" name="getWeatherInfo2">
    <skipped/>
  </testcase> <!-- getWeatherInfo2 -->
</testsuite> <!-- Day1.OpenWeatherInfo -->
